<?xml version="1.0" encoding="UTF-8"?>
<!-- Generated by org.testng.reporters.JUnitXMLReporter -->
<testsuite ignored="0" hostname="acer-pc" failures="0" tests="3" name="获取天气信息接口" time="0.078" errors="0" timestamp="17 7月 2019 03:54:09 GMT">
  <testcase classname="test_case.Case1" name="@BeforeClass before_class" time="0.0">
    <failure type="java.lang.NullPointerException">
      <![CDATA[java.lang.NullPointerException
	at basic.BasicFun.getCityNameFromMysql(BasicFun.java:66)
	at test_case.Case1.before_class(Case1.java:29)
	at com.sun.proxy.$Proxy0.invoke(Unknown Source)
... Removed 33 stack frames]]>
    </failure>
  </testcase> <!-- @BeforeClass before_class -->
  <testcase classname="test_case.Case1" name="@BeforeMethod before_methd" time="0.0">
    <skipped/>
  </testcase> <!-- @BeforeMethod before_methd -->
  <testcase classname="test_case.Case1" name="@BeforeMethod before_methd" time="0.0">
    <skipped/>
  </testcase> <!-- @BeforeMethod before_methd -->
  <testcase classname="test_case.Case1" name="@BeforeMethod before_methd" time="0.0">
    <skipped/>
  </testcase> <!-- @BeforeMethod before_methd -->
  <testcase classname="test_case.Case1" name="@AfterClass afterclass" time="0.0">
    <skipped/>
  </testcase> <!-- @AfterClass afterclass -->
  <testcase classname="test_case.Case1" name="case1_1" time="0.0">
    <skipped/>
  </testcase> <!-- case1_1 -->
  <testcase classname="test_case.Case1" name="case1_2" time="0.0">
    <skipped/>
  </testcase> <!-- case1_2 -->
  <testcase classname="test_case.Case1" name="case1_3" time="0.0">
    <skipped/>
  </testcase> <!-- case1_3 -->
</testsuite> <!-- 获取天气信息接口 -->
